 start reading nemsio file 
 gfile_1,im=         768 jm=         384 lm=          63 nrec=        1514 
 gdatatype=bin4     modelname=GFS      ntrac=          21 iret=           0
 gfile_1,nfhour=           6
 gfile_2,nfhour=           0
 Time difference between analysis and forecast             6
 sulf            
 Outputting sulf                       1 -3.6678554E-03 -6.8129458E-07
 Outputting sulf                       2 -3.6746843E-03 -7.0032354E-07
 Outputting sulf                       3 -3.8832722E-03 -7.1403707E-07
 Outputting sulf                       4 -4.3462240E-03 -7.3662829E-07
 Outputting sulf                       5 -4.8912824E-03 -7.7079295E-07
 Outputting sulf                       6 -4.6658218E-03 -7.8682541E-07
 Outputting sulf                       7 -5.0321249E-03 -8.3258402E-07
 Outputting sulf                       8 -5.6064096E-03 -9.0292593E-07
 Outputting sulf                       9 -5.8799670E-03 -9.3825190E-07
 Outputting sulf                      10 -5.2989759E-03 -1.0175538E-06
 Outputting sulf                      11 -3.9860620E-03 -1.0474863E-06
 Outputting sulf                      12 -3.5960686E-03 -1.0753444E-06
 Outputting sulf                      13 -3.8701838E-03 -1.1154693E-06
 Outputting sulf                      14 -3.8975235E-03 -1.1849912E-06
 Outputting sulf                      15 -3.1838911E-03 -1.1379265E-06
 Outputting sulf                      16 -3.2799426E-03 -1.1893993E-06
 Outputting sulf                      17 -3.1899612E-03 -1.2823882E-06
 Outputting sulf                      18 -3.2227614E-03 -6.7973087E-07
 Outputting sulf                      19 -4.0203785E-03 -6.7739245E-07
 Outputting sulf                      20 -2.6942950E-03 -6.6178177E-07
 Outputting sulf                      21 -1.8527979E-03 -6.3109860E-07
 Outputting sulf                      22 -1.9975984E-03 -4.5901186E-07
 Outputting sulf                      23 -2.2925399E-03 -5.7340816E-07
 Outputting sulf                      24 -2.3398467E-03 -5.8807206E-07
 Outputting sulf                      25 -2.1789849E-03 -7.4266467E-07
 Outputting sulf                      26 -2.1564730E-03 -5.5131449E-07
 Outputting sulf                      27 -1.4455798E-03 -4.3754258E-07
 Outputting sulf                      28 -1.5272708E-03 -5.8214016E-07
 Outputting sulf                      29 -1.0735057E-03 -6.7056078E-07
 Outputting sulf                      30 -7.0919254E-04 -1.5094764E-07
 Outputting sulf                      31 -7.9406606E-04 -2.2842056E-07
 Outputting sulf                      32 -8.6455268E-04 -3.9200421E-07
 Outputting sulf                      33 -8.7235414E-04 -5.9301146E-07
 Outputting sulf                      34 -9.0522092E-04 -6.8991812E-07
 Outputting sulf                      35 -9.2639227E-04 -2.6730658E-07
 Outputting sulf                      36 -9.2804566E-04 -1.1881941E-07
 Outputting sulf                      37 -8.7931933E-04 -4.0265815E-07
 Outputting sulf                      38 -8.0915401E-04 -3.2455173E-07
 Outputting sulf                      39 -5.6430779E-04 -3.3587673E-07
 Outputting sulf                      40 -3.6586073E-04 -4.4752173E-07
 Outputting sulf                      41 -8.4917730E-05 -2.8882067E-07
 Outputting sulf                      42 -8.0452464E-06 -2.3120533E-07
 Outputting sulf                      43 -2.1824014E-06 -1.0028621E-06
 Outputting sulf                      44 -1.5950017E-06 -1.1787334E-06
 Outputting sulf                      45 -1.5796829E-06 -1.4511483E-06
 Outputting sulf                      46 -1.5154307E-06 -1.4859743E-06
 Outputting sulf                      47 -1.5042953E-06 -1.4971714E-06
 Outputting sulf                      48 -1.5005431E-06 -1.4990080E-06
 Outputting sulf                      49 -1.5000840E-06 -1.4992206E-06
 Outputting sulf                      50 -1.5000059E-06 -1.4993277E-06
 Outputting sulf                      51 -1.5000053E-06 -1.4994127E-06
 Outputting sulf                      52 -1.5000057E-06 -1.4994522E-06
 Outputting sulf                      53 -1.5000060E-06 -1.4995350E-06
 Outputting sulf                      54 -1.5000013E-06 -1.4995948E-06
 Outputting sulf                      55 -1.5000048E-06 -1.4996493E-06
 Outputting sulf                      56 -1.5000080E-06 -1.4996851E-06
 Outputting sulf                      57 -1.5000030E-06 -1.4997102E-06
 Outputting sulf                      58 -1.5000085E-06 -1.4997227E-06
 Outputting sulf                      59 -1.5000023E-06 -1.4997315E-06
 Outputting sulf                      60 -1.5000045E-06 -1.4997673E-06
 Outputting sulf                      61 -1.5000077E-06 -1.4998171E-06
 Outputting sulf                      62 -1.5000048E-06 -1.4999197E-06
 Outputting sulf                      63 -1.5000124E-06 -1.4999839E-06
 bc1             
 Outputting bc1                        1  -11.62612      2.5836937E-04
 Outputting bc1                        2  -7.531490      2.8671802E-04
 Outputting bc1                        3  -5.063849      2.3093050E-04
 Outputting bc1                        4  -4.531630      1.6947780E-04
 Outputting bc1                        5  -4.523116      1.4113958E-04
 Outputting bc1                        6  -4.514997      1.5960090E-04
 Outputting bc1                        7  -4.506642      1.8191674E-04
 Outputting bc1                        8  -4.548297      1.9508129E-04
 Outputting bc1                        9  -4.488020      2.1767948E-04
 Outputting bc1                       10  -4.476787      2.3085185E-04
 Outputting bc1                       11  -4.463405      2.5088628E-04
 Outputting bc1                       12  -4.446723      3.1379200E-04
 Outputting bc1                       13  -4.424779      3.0159642E-04
 Outputting bc1                       14  -4.393859      5.6628988E-04
 Outputting bc1                       15  -4.345186      1.0306446E-03
 Outputting bc1                       16  -4.256307      1.5170472E-03
 Outputting bc1                       17  -4.016850      2.0777166E-03
 Outputting bc1                       18  -2.451529      2.4070651E-03
 Outputting bc1                       19  -2.207554      4.5051677E-03
 Outputting bc1                       20  -3.192476      5.9489929E-03
 Outputting bc1                       21  -1.599090      3.4775115E-03
 Outputting bc1                       22 -0.3703526      1.4781619E-03
 Outputting bc1                       23 -0.2426266      1.4492680E-04
 Outputting bc1                       24 -0.2059704      9.6864424E-05
 Outputting bc1                       25 -0.2270977      5.3700936E-05
 Outputting bc1                       26 -0.2086691      3.3364719E-05
 Outputting bc1                       27 -0.2181877      1.9515923E-05
 Outputting bc1                       28 -0.2058146      1.3484490E-05
 Outputting bc1                       29 -0.2026246      1.7147398E-05
 Outputting bc1                       30 -0.1795005      1.8691077E-05
 Outputting bc1                       31 -0.1964659      1.2114531E-05
 Outputting bc1                       32 -0.2135520      9.8487944E-06
 Outputting bc1                       33 -0.2162591      1.1661573E-05
 Outputting bc1                       34 -0.1773727      9.5491096E-06
 Outputting bc1                       35 -0.1469863      1.0146566E-05
 Outputting bc1                       36 -0.1267296     -1.2476754E-06
 Outputting bc1                       37 -0.1092082     -6.4228476E-07
 Outputting bc1                       38 -9.1739714E-02 -6.0813193E-07
 Outputting bc1                       39 -8.8798113E-02 -8.5274394E-07
 Outputting bc1                       40 -3.9039046E-02 -8.9636808E-07
 Outputting bc1                       41 -1.0583367E-02 -1.2932006E-06
 Outputting bc1                       42 -7.4461434E-04 -1.3247169E-06
 Outputting bc1                       43 -9.4278839E-05 -2.2412262E-06
 Outputting bc1                       44 -8.8312972E-06 -1.3084884E-06
 Outputting bc1                       45 -5.7447878E-06 -3.0587642E-06
 Outputting bc1                       46 -5.2860705E-06 -4.4268377E-06
 Outputting bc1                       47 -4.8501238E-06 -4.5221859E-06
 Outputting bc1                       48 -4.6839818E-06 -4.5111815E-06
 Outputting bc1                       49 -4.6375530E-06 -4.5884899E-06
 Outputting bc1                       50 -4.6190830E-06 -4.5954375E-06
 Outputting bc1                       51 -4.6125451E-06 -4.6103073E-06
 Outputting bc1                       52 -4.6113869E-06 -4.6111008E-06
 Outputting bc1                       53 -4.6113078E-06 -4.6112218E-06
 Outputting bc1                       54 -4.6112659E-06 -4.6112100E-06
 Outputting bc1                       55 -4.6112827E-06 -4.6112132E-06
 Outputting bc1                       56 -4.6112896E-06 -4.6112295E-06
 Outputting bc1                       57 -4.6112937E-06 -4.6112182E-06
 Outputting bc1                       58 -4.6112668E-06 -4.6112127E-06
 Outputting bc1                       59 -4.6112750E-06 -4.6112068E-06
 Outputting bc1                       60 -4.6112659E-06 -4.6112259E-06
 Outputting bc1                       61 -4.6113009E-06 -4.6112050E-06
 Outputting bc1                       62 -4.6112709E-06 -4.6112350E-06
 Outputting bc1                       63 -4.6112900E-06 -4.6112032E-06
 bc2             
 Outputting bc2                        1  -3.171999      9.5145078E-05
 Outputting bc2                        2  -3.208397      1.8604563E-04
 Outputting bc2                        3  -3.208483      2.0215665E-04
 Outputting bc2                        4  -3.208139      2.0889330E-04
 Outputting bc2                        5  -3.207359      2.6692348E-04
 Outputting bc2                        6  -3.206205      3.8604916E-04
 Outputting bc2                        7  -3.204657      4.7728932E-04
 Outputting bc2                        8  -3.202615      6.0002413E-04
 Outputting bc2                        9  -3.199945      1.7312644E-03
 Outputting bc2                       10  -3.196393      3.4656366E-03
 Outputting bc2                       11  -3.191618      5.6319749E-03
 Outputting bc2                       12  -3.185041      8.3889384E-03
 Outputting bc2                       13  -3.175632      1.1947531E-02
 Outputting bc2                       14  -3.161337      1.7983459E-02
 Outputting bc2                       15  -3.137326      2.4795089E-02
 Outputting bc2                       16  -3.092167      2.8446706E-02
 Outputting bc2                       17  -2.965352      2.9392308E-02
 Outputting bc2                       18  -2.306030      2.7622014E-02
 Outputting bc2                       19  -1.757774      2.5786567E-02
 Outputting bc2                       20  -1.602193      2.2628445E-02
 Outputting bc2                       21  -1.297651      1.3733827E-02
 Outputting bc2                       22 -0.6355357      8.8582262E-03
 Outputting bc2                       23 -0.3273073      7.3655858E-03
 Outputting bc2                       24 -0.3070621      7.8587309E-03
 Outputting bc2                       25 -0.4245811      4.9123592E-03
 Outputting bc2                       26 -0.3233841      3.6226818E-03
 Outputting bc2                       27 -0.3261989      3.8529045E-03
 Outputting bc2                       28 -0.3299001      4.5804074E-03
 Outputting bc2                       29 -0.3064857      4.6708458E-03
 Outputting bc2                       30 -0.2878546      3.6621352E-03
 Outputting bc2                       31 -0.3168085      9.2521524E-03
 Outputting bc2                       32 -0.3446191      9.0417294E-03
 Outputting bc2                       33 -0.3502282      9.3543213E-03
 Outputting bc2                       34 -0.2884890      8.3768852E-03
 Outputting bc2                       35 -0.3009948      4.0334170E-03
 Outputting bc2                       36 -0.3672117      1.4504958E-03
 Outputting bc2                       37 -0.3441530      6.1541982E-04
 Outputting bc2                       38 -0.3281786     -1.5633388E-05
 Outputting bc2                       39 -0.2638771     -1.1044001E-05
 Outputting bc2                       40 -0.1415162     -2.5681085E-05
 Outputting bc2                       41 -4.5735881E-02 -2.9231471E-05
 Outputting bc2                       42 -3.4284978E-03 -2.2820424E-05
 Outputting bc2                       43 -3.9414782E-04 -4.8673053E-05
 Outputting bc2                       44 -1.0458853E-04 -4.3441549E-05
 Outputting bc2                       45 -1.1559119E-04 -7.4864307E-05
 Outputting bc2                       46 -1.0202454E-04 -9.1751077E-05
 Outputting bc2                       47 -9.7502067E-05 -9.4560732E-05
 Outputting bc2                       48 -9.5623618E-05 -9.4918927E-05
 Outputting bc2                       49 -9.5432166E-05 -9.5254225E-05
 Outputting bc2                       50 -9.5400646E-05 -9.5340481E-05
 Outputting bc2                       51 -9.5391872E-05 -9.5361182E-05
 Outputting bc2                       52 -9.5389456E-05 -9.5363845E-05
 Outputting bc2                       53 -9.5389209E-05 -9.5367679E-05
 Outputting bc2                       54 -9.5389129E-05 -9.5371215E-05
 Outputting bc2                       55 -9.5389143E-05 -9.5372823E-05
 Outputting bc2                       56 -9.5389398E-05 -9.5374686E-05
 Outputting bc2                       57 -9.5389405E-05 -9.5376345E-05
 Outputting bc2                       58 -9.5389150E-05 -9.5376789E-05
 Outputting bc2                       59 -9.5389085E-05 -9.5376425E-05
 Outputting bc2                       60 -9.5389136E-05 -9.5378062E-05
 Outputting bc2                       61 -9.5389230E-05 -9.5379910E-05
 Outputting bc2                       62 -9.5389070E-05 -9.5384807E-05
 Outputting bc2                       63 -9.5389500E-05 -9.5387877E-05
 oc1             
 Outputting oc1                        1  -89.81976      2.3778100E-02
 Outputting oc1                        2  -58.56559      2.3467867E-02
 Outputting oc1                        3  -41.29423      1.6143782E-02
 Outputting oc1                        4  -33.72079      9.5372014E-03
 Outputting oc1                        5  -33.65718      7.9583703E-03
 Outputting oc1                        6  -33.59652      7.7752043E-03
 Outputting oc1                        7  -34.15527      8.0144703E-03
 Outputting oc1                        8  -35.16785      9.3531515E-03
 Outputting oc1                        9  -33.39499      1.3440125E-02
 Outputting oc1                       10  -33.31108      2.4586091E-02
 Outputting oc1                       11  -33.21112      2.9893661E-02
 Outputting oc1                       12  -33.08653      4.8460003E-02
 Outputting oc1                       13  -32.92269      8.4027730E-02
 Outputting oc1                       14  -32.69186      0.1265584    
 Outputting oc1                       15  -32.32856      0.1451716    
 Outputting oc1                       16  -31.66507      0.1587602    
 Outputting oc1                       17  -29.87801      0.1678112    
 Outputting oc1                       18  -18.17031      0.1657258    
 Outputting oc1                       19  -16.61130      0.1590378    
 Outputting oc1                       20  -24.14487      0.1491072    
 Outputting oc1                       21  -11.95479      0.1203283    
 Outputting oc1                       22  -2.754895      6.2088698E-02
 Outputting oc1                       23  -1.122338      2.3521293E-02
 Outputting oc1                       24  -1.374162      1.1707287E-02
 Outputting oc1                       25  -1.579681      2.2127000E-03
 Outputting oc1                       26  -1.062157      1.0538499E-03
 Outputting oc1                       27  -1.202995      9.9362258E-04
 Outputting oc1                       28  -1.030750      1.0968548E-03
 Outputting oc1                       29 -0.9051691      1.0608906E-03
 Outputting oc1                       30 -0.8256594      1.8037005E-03
 Outputting oc1                       31 -0.8644727      1.3669855E-03
 Outputting oc1                       32 -0.9126582      1.7940655E-03
 Outputting oc1                       33  -1.070468      8.6893881E-04
 Outputting oc1                       34 -0.5250601      2.1227472E-04
 Outputting oc1                       35 -0.4636093      3.6129284E-05
 Outputting oc1                       36 -0.3744606      1.8274224E-05
 Outputting oc1                       37 -0.3501812      2.7303540E-06
 Outputting oc1                       38 -0.2699442     -6.9387249E-07
 Outputting oc1                       39 -0.2533018     -1.2504187E-06
 Outputting oc1                       40 -9.5651522E-02 -1.3190712E-06
 Outputting oc1                       41 -2.8464785E-02 -1.5137717E-06
 Outputting oc1                       42 -1.5107077E-03 -1.5309170E-06
 Outputting oc1                       43 -1.9907508E-04 -1.5780867E-06
 Outputting oc1                       44 -1.4709249E-05 -1.2066519E-06
 Outputting oc1                       45 -5.9653835E-06 -2.3496914E-06
 Outputting oc1                       46 -5.9806148E-06 -4.2227653E-06
 Outputting oc1                       47 -5.2026307E-06 -4.4616263E-06
 Outputting oc1                       48 -4.6898599E-06 -4.4077719E-06
 Outputting oc1                       49 -4.6544619E-06 -4.5574634E-06
 Outputting oc1                       50 -4.6355472E-06 -4.5867041E-06
 Outputting oc1                       51 -4.6131449E-06 -4.6082064E-06
 Outputting oc1                       52 -4.6119349E-06 -4.6107211E-06
 Outputting oc1                       53 -4.6113710E-06 -4.6111822E-06
 Outputting oc1                       54 -4.6112923E-06 -4.6111645E-06
 Outputting oc1                       55 -4.6112837E-06 -4.6112132E-06
 Outputting oc1                       56 -4.6112914E-06 -4.6112318E-06
 Outputting oc1                       57 -4.6112914E-06 -4.6112191E-06
 Outputting oc1                       58 -4.6112727E-06 -4.6112232E-06
 Outputting oc1                       59 -4.6112696E-06 -4.6112182E-06
 Outputting oc1                       60 -4.6112646E-06 -4.6112350E-06
 Outputting oc1                       61 -4.6113046E-06 -4.6112018E-06
 Outputting oc1                       62 -4.6112659E-06 -4.6112327E-06
 Outputting oc1                       63 -4.6112905E-06 -4.6112018E-06
 oc2             
 Outputting oc2                        1  -26.52923      0.3739946    
 Outputting oc2                        2  -26.82131      0.5230185    
 Outputting oc2                        3  -26.81892      0.5936760    
 Outputting oc2                        4  -26.81567      0.6464207    
 Outputting oc2                        5  -26.80134      0.7663884    
 Outputting oc2                        6  -26.78202      0.9396155    
 Outputting oc2                        7  -26.75862       1.158394    
 Outputting oc2                        8  -26.73032       1.490354    
 Outputting oc2                        9  -26.69683       2.001531    
 Outputting oc2                       10  -26.65115       2.619974    
 Outputting oc2                       11  -26.59113       3.410661    
 Outputting oc2                       12  -26.51180       4.708722    
 Outputting oc2                       13  -26.40669       5.622609    
 Outputting oc2                       14  -26.24749       6.807034    
 Outputting oc2                       15  -25.99212       6.237793    
 Outputting oc2                       16  -25.58024       6.691969    
 Outputting oc2                       17  -24.48677       4.819411    
 Outputting oc2                       18  -18.89559       4.710241    
 Outputting oc2                       19  -14.42629       4.167880    
 Outputting oc2                       20  -13.10220       3.153527    
 Outputting oc2                       21  -10.65954       2.788231    
 Outputting oc2                       22  -5.259555       1.966287    
 Outputting oc2                       23  -3.063353       2.295604    
 Outputting oc2                       24  -2.863052       3.306024    
 Outputting oc2                       25  -3.057887       3.647902    
 Outputting oc2                       26  -2.795863       3.215878    
 Outputting oc2                       27  -2.700705       4.917397    
 Outputting oc2                       28  -2.776935       8.228247    
 Outputting oc2                       29  -2.786082       8.168885    
 Outputting oc2                       30  -2.904890       5.960501    
 Outputting oc2                       31  -2.702429       2.665863    
 Outputting oc2                       32  -2.668787       1.424276    
 Outputting oc2                       33  -1.977775       1.721794    
 Outputting oc2                       34  -1.401774       1.615798    
 Outputting oc2                       35  -1.323061       1.251875    
 Outputting oc2                       36  -1.247402      0.6426217    
 Outputting oc2                       37  -1.178236      0.4344003    
 Outputting oc2                       38  -1.127542      0.1478925    
 Outputting oc2                       39 -0.9320628      2.7687019E-02
 Outputting oc2                       40 -0.4944320      5.5923488E-04
 Outputting oc2                       41 -0.1641890     -3.1884534E-05
 Outputting oc2                       42 -1.2999039E-02 -3.8682934E-05
 Outputting oc2                       43 -1.2800150E-03 -6.6531269E-05
 Outputting oc2                       44 -1.6059594E-04 -3.7360587E-05
 Outputting oc2                       45 -1.8357045E-04 -9.2036396E-05
 Outputting oc2                       46 -1.5998870E-04 -1.3527974E-04
 Outputting oc2                       47 -1.4426862E-04 -1.3906468E-04
 Outputting oc2                       48 -1.4152486E-04 -1.3948409E-04
 Outputting oc2                       49 -1.4091996E-04 -1.4047661E-04
 Outputting oc2                       50 -1.4085170E-04 -1.4061441E-04
 Outputting oc2                       51 -1.4079185E-04 -1.4073784E-04
 Outputting oc2                       52 -1.4078066E-04 -1.4074217E-04
 Outputting oc2                       53 -1.4077815E-04 -1.4074775E-04
 Outputting oc2                       54 -1.4077809E-04 -1.4075248E-04
 Outputting oc2                       55 -1.4077836E-04 -1.4075477E-04
 Outputting oc2                       56 -1.4077844E-04 -1.4075740E-04
 Outputting oc2                       57 -1.4077824E-04 -1.4075993E-04
 Outputting oc2                       58 -1.4077793E-04 -1.4076060E-04
 Outputting oc2                       59 -1.4077818E-04 -1.4075993E-04
 Outputting oc2                       60 -1.4077782E-04 -1.4076216E-04
 Outputting oc2                       61 -1.4077837E-04 -1.4076475E-04
 Outputting oc2                       62 -1.4077772E-04 -1.4077195E-04
 Outputting oc2                       63 -1.4077855E-04 -1.4077565E-04
 p25             
 Outputting p25                        1  -60.62792     -3.7955891E-02
 Outputting p25                        2  -40.08285     -3.9072167E-02
 Outputting p25                        3  -29.11291     -3.9787028E-02
 Outputting p25                        4  -26.26186     -4.0513758E-02
 Outputting p25                        5  -25.22416     -4.1425142E-02
 Outputting p25                        6  -24.84846     -4.2429499E-02
 Outputting p25                        7  -24.81732     -4.5830656E-02
 Outputting p25                        8  -24.88723     -4.8969582E-02
 Outputting p25                        9  -24.93859     -5.1828310E-02
 Outputting p25                       10  -24.81363     -5.3836167E-02
 Outputting p25                       11  -24.10753     -5.7181448E-02
 Outputting p25                       12  -22.22379     -5.9032500E-02
 Outputting p25                       13  -20.07471     -6.0736544E-02
 Outputting p25                       14  -12.52093     -6.2556528E-02
 Outputting p25                       15  -9.018779     -6.4590976E-02
 Outputting p25                       16  -6.342381     -6.6855222E-02
 Outputting p25                       17  -6.182152     -6.8448007E-02
 Outputting p25                       18  -6.244807     -6.5851822E-02
 Outputting p25                       19  -6.642165     -6.9479354E-02
 Outputting p25                       20  -6.406967     -5.8066506E-02
 Outputting p25                       21  -6.698958     -7.0553534E-02
 Outputting p25                       22  -7.234662     -7.1118087E-02
 Outputting p25                       23  -4.786520     -7.1297742E-02
 Outputting p25                       24  -4.761896     -7.3767252E-02
 Outputting p25                       25  -4.238965     -6.2546492E-02
 Outputting p25                       26  -4.548782     -7.7246852E-02
 Outputting p25                       27  -5.089350     -7.6134071E-02
 Outputting p25                       28  -3.501466     -7.3515207E-02
 Outputting p25                       29  -3.560174     -8.1216559E-02
 Outputting p25                       30  -2.743245     -6.5560140E-02
 Outputting p25                       31  -2.327588     -4.7798760E-02
 Outputting p25                       32  -2.500397     -6.2537901E-02
 Outputting p25                       33  -2.580676     -3.2112136E-02
 Outputting p25                       34  -2.832066     -6.8948418E-02
 Outputting p25                       35  -2.926017     -4.3285787E-02
 Outputting p25                       36  -2.749386     -6.5403797E-02
 Outputting p25                       37  -2.555480     -4.9085792E-02
 Outputting p25                       38  -2.529793     -3.6158916E-02
 Outputting p25                       39  -1.941349     -6.6800132E-02
 Outputting p25                       40  -1.213335     -7.2975188E-02
 Outputting p25                       41 -0.3758275     -3.5040729E-02
 Outputting p25                       42 -0.1109379     -7.0697762E-02
 Outputting p25                       43 -9.9174522E-02 -9.4412923E-02
 Outputting p25                       44 -9.8449565E-02 -9.6714929E-02
 Outputting p25                       45 -9.8468788E-02 -9.7136877E-02
 Outputting p25                       46 -9.8698422E-02 -9.7482018E-02
 Outputting p25                       47 -9.8559648E-02 -9.7537428E-02
 Outputting p25                       48 -9.8586559E-02 -9.7471938E-02
 Outputting p25                       49 -9.8542497E-02 -9.7458623E-02
 Outputting p25                       50 -9.8544575E-02 -9.7453043E-02
 Outputting p25                       51 -9.8549426E-02 -9.7321071E-02
 Outputting p25                       52 -9.8687068E-02 -9.7143829E-02
 Outputting p25                       53 -9.8644637E-02 -9.6922748E-02
 Outputting p25                       54 -9.8659121E-02 -9.6726842E-02
 Outputting p25                       55 -9.8485179E-02 -9.6468501E-02
 Outputting p25                       56 -9.8446645E-02 -9.6034355E-02
 Outputting p25                       57 -9.8426513E-02 -9.4279684E-02
 Outputting p25                       58 -9.8052330E-02 -8.9384459E-02
 Outputting p25                       59 -9.5874831E-02 -7.8575477E-02
 Outputting p25                       60 -8.9915961E-02 -5.8727942E-02
 Outputting p25                       61 -7.7103682E-02 -3.2964811E-02
 Outputting p25                       62 -4.4864576E-02 -1.2692520E-02
 Outputting p25                       63 -1.4232382E-02 -2.1814737E-03
 dust1           
 Outputting dust1                      1  -125.0532       2.169903    
 Outputting dust1                      2  -117.2369       2.319033    
 Outputting dust1                      3  -111.9397       2.334674    
 Outputting dust1                      4  -107.9700       2.324960    
 Outputting dust1                      5  -105.0678       2.343978    
 Outputting dust1                      6  -103.4356       2.217369    
 Outputting dust1                      7  -101.8379       2.094584    
 Outputting dust1                      8  -100.4503       2.028380    
 Outputting dust1                      9  -98.76263       2.069309    
 Outputting dust1                     10  -97.35893       2.209858    
 Outputting dust1                     11  -95.92846       2.334166    
 Outputting dust1                     12  -94.24758       2.421176    
 Outputting dust1                     13  -92.48335       2.438185    
 Outputting dust1                     14  -89.93931       2.468191    
 Outputting dust1                     15  -86.01736       2.542143    
 Outputting dust1                     16  -79.08540       2.539494    
 Outputting dust1                     17  -66.14480       2.488673    
 Outputting dust1                     18  -67.28034       2.508958    
 Outputting dust1                     19  -70.40250       2.495144    
 Outputting dust1                     20  -75.57827       2.385782    
 Outputting dust1                     21  -54.22835       1.893158    
 Outputting dust1                     22  -32.64522      0.5500944    
 Outputting dust1                     23  -27.61346      0.3745082    
 Outputting dust1                     24  -23.10880      0.2360143    
 Outputting dust1                     25  -21.78355      0.1256122    
 Outputting dust1                     26  -19.49317      5.1729232E-02
 Outputting dust1                     27  -18.41588      4.6901409E-02
 Outputting dust1                     28  -19.62881      4.7142852E-02
 Outputting dust1                     29  -20.31053      5.2577909E-02
 Outputting dust1                     30  -18.83807      5.7278067E-02
 Outputting dust1                     31  -15.68021      6.5393627E-02
 Outputting dust1                     32  -12.40897      6.9608279E-02
 Outputting dust1                     33  -6.977144      0.1038457    
 Outputting dust1                     34  -4.600648      0.1256371    
 Outputting dust1                     35  -5.016928      0.1185688    
 Outputting dust1                     36  -2.189758      7.9736702E-02
 Outputting dust1                     37 -0.7240270      4.4239692E-02
 Outputting dust1                     38 -0.4250758      6.6952885E-04
 Outputting dust1                     39 -0.3280033     -1.3558798E-05
 Outputting dust1                     40 -0.2542295     -2.2730901E-05
 Outputting dust1                     41 -3.6186818E-02 -2.3407672E-05
 Outputting dust1                     42 -3.1879225E-03 -2.7058186E-05
 Outputting dust1                     43 -1.3595619E-04 -2.4191106E-05
 Outputting dust1                     44 -5.6280227E-05 -3.5536443E-05
 Outputting dust1                     45 -5.6171779E-05 -4.3751472E-05
 Outputting dust1                     46 -5.0901963E-05 -4.7916397E-05
 Outputting dust1                     47 -4.9774619E-05 -4.8965274E-05
 Outputting dust1                     48 -4.9532537E-05 -4.9151946E-05
 Outputting dust1                     49 -4.9512622E-05 -4.9142971E-05
 Outputting dust1                     50 -4.9510370E-05 -4.9134935E-05
 Outputting dust1                     51 -4.9512066E-05 -4.9073937E-05
 Outputting dust1                     52 -4.9560975E-05 -4.8993268E-05
 Outputting dust1                     53 -4.9545470E-05 -4.8894875E-05
 Outputting dust1                     54 -4.9552491E-05 -4.8814309E-05
 Outputting dust1                     55 -4.9483973E-05 -4.8714504E-05
 Outputting dust1                     56 -4.9458758E-05 -4.8576567E-05
 Outputting dust1                     57 -4.9489790E-05 -4.8108574E-05
 Outputting dust1                     58 -4.9399703E-05 -4.6582907E-05
 Outputting dust1                     59 -4.8766771E-05 -4.2808359E-05
 Outputting dust1                     60 -4.6912312E-05 -3.4621167E-05
 Outputting dust1                     61 -4.2545322E-05 -2.2117081E-05
 Outputting dust1                     62 -2.8048862E-05 -1.0357078E-05
 Outputting dust1                     63 -1.0300591E-05 -1.6666083E-06
 dust2           
 Outputting dust2                      1  -116.1833      0.4742419    
 Outputting dust2                      2  -108.8276      0.5588979    
 Outputting dust2                      3  -103.8500      0.6689731    
 Outputting dust2                      4  -100.1189      0.6730155    
 Outputting dust2                      5  -97.20216      0.6763700    
 Outputting dust2                      6  -95.66997      0.6396974    
 Outputting dust2                      7  -94.16950      0.6046613    
 Outputting dust2                      8  -92.86231      0.5891364    
 Outputting dust2                      9  -91.27502      0.6047170    
 Outputting dust2                     10  -89.94634      0.6438236    
 Outputting dust2                     11  -88.59708      0.6784196    
 Outputting dust2                     12  -87.01354      0.7006036    
 Outputting dust2                     13  -85.34683      0.7015737    
 Outputting dust2                     14  -82.94494      0.7047620    
 Outputting dust2                     15  -79.25176      0.7255089    
 Outputting dust2                     16  -72.79496      0.7172242    
 Outputting dust2                     17  -60.65936      0.6769977    
 Outputting dust2                     18  -61.52138      0.6851662    
 Outputting dust2                     19  -63.63619      0.6704892    
 Outputting dust2                     20  -66.56439      0.6345936    
 Outputting dust2                     21  -46.44025      0.4996641    
 Outputting dust2                     22  -28.24400      0.1265363    
 Outputting dust2                     23  -24.45016      8.4570728E-02
 Outputting dust2                     24  -20.66515      4.9463250E-02
 Outputting dust2                     25  -20.12727      1.2052033E-02
 Outputting dust2                     26  -18.58760      1.1358860E-02
 Outputting dust2                     27  -17.05376      1.0408165E-02
 Outputting dust2                     28  -18.04542      9.6942922E-03
 Outputting dust2                     29  -18.45890      1.0455569E-02
 Outputting dust2                     30  -17.15728      1.1706924E-02
 Outputting dust2                     31  -14.11867      1.2099765E-02
 Outputting dust2                     32  -11.09898      1.3010544E-02
 Outputting dust2                     33  -6.197926      1.1309408E-02
 Outputting dust2                     34  -4.363889      2.1545103E-02
 Outputting dust2                     35  -4.772308      1.3911095E-02
 Outputting dust2                     36  -2.207999      5.7942769E-03
 Outputting dust2                     37 -0.7244613      2.6084143E-03
 Outputting dust2                     38 -0.3569762      9.4677380E-05
 Outputting dust2                     39 -0.2755238     -1.3964513E-05
 Outputting dust2                     40 -0.2118972     -2.2238462E-05
 Outputting dust2                     41 -2.9459011E-02 -2.4141786E-05
 Outputting dust2                     42 -2.2688513E-03 -2.5045720E-05
 Outputting dust2                     43 -1.1015909E-04 -2.2537202E-05
 Outputting dust2                     44 -5.3864751E-05 -3.6841928E-05
 Outputting dust2                     45 -5.3267369E-05 -4.3945285E-05
 Outputting dust2                     46 -4.8503618E-05 -4.6202640E-05
 Outputting dust2                     47 -4.7943202E-05 -4.6551861E-05
 Outputting dust2                     48 -4.7979032E-05 -4.6498400E-05
 Outputting dust2                     49 -4.7951413E-05 -4.6509733E-05
 Outputting dust2                     50 -4.7979687E-05 -4.6525656E-05
 Outputting dust2                     51 -4.7987949E-05 -4.6469788E-05
 Outputting dust2                     52 -4.8156347E-05 -4.6364228E-05
 Outputting dust2                     53 -4.8113678E-05 -4.6269121E-05
 Outputting dust2                     54 -4.8109399E-05 -4.6029782E-05
 Outputting dust2                     55 -4.7940830E-05 -4.5523135E-05
 Outputting dust2                     56 -4.7836820E-05 -4.4154924E-05
 Outputting dust2                     57 -4.7281144E-05 -4.0225168E-05
 Outputting dust2                     58 -4.5824712E-05 -3.3359891E-05
 Outputting dust2                     59 -4.1510411E-05 -2.3962692E-05
 Outputting dust2                     60 -3.3549673E-05 -1.3144531E-05
 Outputting dust2                     61 -2.2197120E-05 -4.6965943E-06
 Outputting dust2                     62 -8.6628952E-06 -1.3925223E-06
 Outputting dust2                     63 -1.7474821E-06 -3.7202480E-07
 dust3           
 Outputting dust3                      1  -230.2895       1.340327    
 Outputting dust3                      2  -215.2447       1.382343    
 Outputting dust3                      3  -205.0974       1.386495    
 Outputting dust3                      4  -197.4871       1.382551    
 Outputting dust3                      5  -190.8928       1.382995    
 Outputting dust3                      6  -187.4521       1.308218    
 Outputting dust3                      7  -184.3996       1.241190    
 Outputting dust3                      8  -181.7195       1.212053    
 Outputting dust3                      9  -178.4780       1.244386    
 Outputting dust3                     10  -175.6741       1.312364    
 Outputting dust3                     11  -172.8940       1.372759    
 Outputting dust3                     12  -169.6429       1.405767    
 Outputting dust3                     13  -166.1919       1.398494    
 Outputting dust3                     14  -161.2372       1.380630    
 Outputting dust3                     15  -153.6130       1.402260    
 Outputting dust3                     16  -140.7498       1.362865    
 Outputting dust3                     17  -116.1969       1.254782    
 Outputting dust3                     18  -115.8047       1.220247    
 Outputting dust3                     19  -119.8163       1.160057    
 Outputting dust3                     20  -114.0131       1.053608    
 Outputting dust3                     21  -75.16888      0.8454185    
 Outputting dust3                     22  -49.05147      0.2401602    
 Outputting dust3                     23  -42.26031      0.1577639    
 Outputting dust3                     24  -42.57998      8.7875739E-02
 Outputting dust3                     25  -41.70107      5.1474348E-02
 Outputting dust3                     26  -38.75800      1.9206638E-02
 Outputting dust3                     27  -34.76018      1.6412511E-02
 Outputting dust3                     28  -34.73029      1.5524182E-02
 Outputting dust3                     29  -34.63976      1.7629996E-02
 Outputting dust3                     30  -32.22634      1.9110316E-02
 Outputting dust3                     31  -26.05166      2.1603884E-02
 Outputting dust3                     32  -20.04581      2.1164734E-02
 Outputting dust3                     33  -11.06044      3.7424598E-02
 Outputting dust3                     34  -8.993115      4.0582199E-02
 Outputting dust3                     35  -9.908569      3.2397520E-02
 Outputting dust3                     36  -5.296247      1.5784226E-02
 Outputting dust3                     37  -1.714910      4.9874177E-03
 Outputting dust3                     38 -0.5420735      1.3537158E-04
 Outputting dust3                     39 -0.4253549     -1.2481148E-05
 Outputting dust3                     40 -0.3186436     -1.7955255E-05
 Outputting dust3                     41 -4.1698676E-02 -1.9966710E-05
 Outputting dust3                     42 -2.3372881E-03 -2.2681694E-05
 Outputting dust3                     43 -1.1317978E-04 -2.0866517E-05
 Outputting dust3                     44 -4.8451420E-05 -3.0386494E-05
 Outputting dust3                     45 -4.7745390E-05 -3.6462723E-05
 Outputting dust3                     46 -4.3889431E-05 -4.0067302E-05
 Outputting dust3                     47 -4.3724776E-05 -3.9917417E-05
 Outputting dust3                     48 -4.3814191E-05 -3.9846160E-05
 Outputting dust3                     49 -4.3793247E-05 -3.9896229E-05
 Outputting dust3                     50 -4.3905409E-05 -3.9949049E-05
 Outputting dust3                     51 -4.4096647E-05 -3.9924049E-05
 Outputting dust3                     52 -4.4327844E-05 -3.9820690E-05
 Outputting dust3                     53 -4.4220677E-05 -3.9244223E-05
 Outputting dust3                     54 -4.4015840E-05 -3.7500744E-05
 Outputting dust3                     55 -4.3272168E-05 -3.3904606E-05
 Outputting dust3                     56 -4.1568714E-05 -2.8332493E-05
 Outputting dust3                     57 -3.8282487E-05 -1.9946487E-05
 Outputting dust3                     58 -3.1764597E-05 -1.2025822E-05
 Outputting dust3                     59 -2.2384020E-05 -5.7985776E-06
 Outputting dust3                     60 -1.2378468E-05 -2.0001025E-06
 Outputting dust3                     61 -5.2014848E-06 -3.8185584E-07
 Outputting dust3                     62 -1.2103005E-06 -1.0175591E-07
 Outputting dust3                     63 -1.8158102E-07 -4.0163723E-08
 dust4           
 Outputting dust4                      1  -472.2159       2.827953    
 Outputting dust4                      2  -438.0888       2.825245    
 Outputting dust4                      3  -415.2555       2.764186    
 Outputting dust4                      4  -398.0325       2.702769    
 Outputting dust4                      5  -383.0322       2.656389    
 Outputting dust4                      6  -369.1231       2.532807    
 Outputting dust4                      7  -360.7980       2.436683    
 Outputting dust4                      8  -354.6219       2.380435    
 Outputting dust4                      9  -347.3153       2.405621    
 Outputting dust4                     10  -339.9105       2.447679    
 Outputting dust4                     11  -333.3448       2.509410    
 Outputting dust4                     12  -325.7472       2.507962    
 Outputting dust4                     13  -317.4380       2.423061    
 Outputting dust4                     14  -305.6386       2.257764    
 Outputting dust4                     15  -287.2845       2.133034    
 Outputting dust4                     16  -259.8420       1.914665    
 Outputting dust4                     17  -207.9130       1.710973    
 Outputting dust4                     18  -186.6085       1.552581    
 Outputting dust4                     19  -169.4541       1.395614    
 Outputting dust4                     20  -125.9973       1.139671    
 Outputting dust4                     21  -100.4217      0.8646595    
 Outputting dust4                     22  -82.33373      0.2445047    
 Outputting dust4                     23  -82.85065      0.1502343    
 Outputting dust4                     24  -84.27509      8.0441758E-02
 Outputting dust4                     25  -83.87420      4.0453501E-02
 Outputting dust4                     26  -79.07737      2.1554485E-02
 Outputting dust4                     27  -71.20591      1.1390506E-02
 Outputting dust4                     28  -66.55043      1.0889875E-02
 Outputting dust4                     29  -62.25103      1.1515832E-02
 Outputting dust4                     30  -52.40789      1.2713788E-02
 Outputting dust4                     31  -41.99702      1.5168027E-02
 Outputting dust4                     32  -29.69692      1.4599373E-02
 Outputting dust4                     33  -18.66013      1.1788830E-02
 Outputting dust4                     34  -18.77234      1.1366582E-02
 Outputting dust4                     35  -22.07349      6.3604345E-03
 Outputting dust4                     36  -17.18754      2.5362056E-03
 Outputting dust4                     37  -4.825932      4.8646217E-04
 Outputting dust4                     38 -0.3898421     -8.8517972E-06
 Outputting dust4                     39 -0.3308089     -9.6869244E-06
 Outputting dust4                     40 -0.2197522     -9.5166588E-06
 Outputting dust4                     41 -2.3751734E-02 -1.1440125E-05
 Outputting dust4                     42 -4.1016558E-04 -1.4373907E-05
 Outputting dust4                     43 -6.0604430E-05 -1.3449943E-05
 Outputting dust4                     44 -3.0855874E-05 -2.0876432E-05
 Outputting dust4                     45 -3.0135065E-05 -2.2259173E-05
 Outputting dust4                     46 -3.0217429E-05 -2.2040225E-05
 Outputting dust4                     47 -3.0372910E-05 -2.1838836E-05
 Outputting dust4                     48 -3.0460154E-05 -2.1638412E-05
 Outputting dust4                     49 -3.0466746E-05 -2.1324900E-05
 Outputting dust4                     50 -3.0507188E-05 -2.0623978E-05
 Outputting dust4                     51 -3.0618372E-05 -1.8910760E-05
 Outputting dust4                     52 -2.9701227E-05 -1.5810634E-05
 Outputting dust4                     53 -2.7864355E-05 -1.2235791E-05
 Outputting dust4                     54 -2.4660925E-05 -8.6085593E-06
 Outputting dust4                     55 -1.9910818E-05 -5.1703810E-06
 Outputting dust4                     56 -1.4118795E-05 -2.7325264E-06
 Outputting dust4                     57 -8.8932329E-06 -1.0789278E-06
 Outputting dust4                     58 -4.3865016E-06 -3.6290811E-07
 Outputting dust4                     59 -1.7032293E-06 -8.3781565E-08
 Outputting dust4                     60 -4.5283582E-07 -1.9069246E-08
 Outputting dust4                     61 -9.7941481E-08 -2.4427571E-09
 Outputting dust4                     62 -1.0484899E-08 -6.1367805E-10
 Outputting dust4                     63 -1.7559243E-09 -9.2581692E-11
 dust5           
 Outputting dust5                      1  -76.63148      4.0496727E-03
 Outputting dust5                      2  -69.91474      3.9961026E-03
 Outputting dust5                      3  -65.48701      3.1813905E-03
 Outputting dust5                      4  -62.08021      3.8726430E-03
 Outputting dust5                      5  -59.09573      3.5367876E-03
 Outputting dust5                      6  -56.30404      3.1581782E-03
 Outputting dust5                      7  -53.57358      1.8858874E-03
 Outputting dust5                      8  -50.76350      2.3232703E-03
 Outputting dust5                      9  -48.02990      4.2300085E-03
 Outputting dust5                     10  -46.42904      4.3210038E-03
 Outputting dust5                     11  -44.62714      9.6920626E-03
 Outputting dust5                     12  -42.85231      1.2356805E-02
 Outputting dust5                     13  -40.94400      1.6946578E-02
 Outputting dust5                     14  -38.26855      1.3932120E-02
 Outputting dust5                     15  -34.17012      1.3706197E-02
 Outputting dust5                     16  -28.48381      1.1686154E-02
 Outputting dust5                     17  -26.34870      1.0262088E-02
 Outputting dust5                     18  -24.78719      6.0694716E-03
 Outputting dust5                     19  -23.34555      1.1010913E-03
 Outputting dust5                     20  -21.17880      1.9387506E-05
 Outputting dust5                     21  -17.48526      9.8003366E-06
 Outputting dust5                     22  -12.55563     -2.1598589E-06
 Outputting dust5                     23  -6.385235     -6.0142283E-06
 Outputting dust5                     24  -7.117843     -5.8761252E-06
 Outputting dust5                     25  -8.057786     -5.7052571E-06
 Outputting dust5                     26  -8.678079     -5.2991327E-06
 Outputting dust5                     27  -8.520784     -5.3944182E-06
 Outputting dust5                     28  -7.932305     -5.2563482E-06
 Outputting dust5                     29  -7.031986     -5.1258089E-06
 Outputting dust5                     30  -5.146618     -4.9793794E-06
 Outputting dust5                     31  -3.365134     -4.6521045E-06
 Outputting dust5                     32  -2.315212     -4.6921614E-06
 Outputting dust5                     33  -1.418805     -4.5724901E-06
 Outputting dust5                     34  -1.622089     -4.4623839E-06
 Outputting dust5                     35  -1.959534     -3.8685475E-06
 Outputting dust5                     36  -1.881123     -3.1039697E-06
 Outputting dust5                     37 -0.4962548     -3.7764501E-06
 Outputting dust5                     38 -1.5307657E-02 -3.0188937E-06
 Outputting dust5                     39 -4.3864888E-03 -3.5161147E-06
 Outputting dust5                     40 -1.4691256E-03 -3.5839398E-06
 Outputting dust5                     41 -1.1642899E-04 -3.3055480E-06
 Outputting dust5                     42 -9.8618175E-06 -2.9683142E-06
 Outputting dust5                     43 -9.7029179E-06 -2.5969980E-06
 Outputting dust5                     44 -9.4508532E-06 -2.2031356E-06
 Outputting dust5                     45 -9.0537351E-06 -1.8047853E-06
 Outputting dust5                     46 -8.5010206E-06 -1.4231252E-06
 Outputting dust5                     47 -7.7639525E-06 -1.0731369E-06
 Outputting dust5                     48 -6.8051031E-06 -7.6961811E-07
 Outputting dust5                     49 -5.6639201E-06 -5.2102115E-07
 Outputting dust5                     50 -4.4856233E-06 -3.3201039E-07
 Outputting dust5                     51 -3.3164290E-06 -1.8215820E-07
 Outputting dust5                     52 -2.2508016E-06 -8.9138283E-08
 Outputting dust5                     53 -1.3845960E-06 -4.1435285E-08
 Outputting dust5                     54 -7.5001560E-07 -1.7154788E-08
 Outputting dust5                     55 -3.4838664E-07 -6.1770997E-09
 Outputting dust5                     56 -1.3552102E-07 -2.0144817E-09
 Outputting dust5                     57 -4.2504080E-08 -4.9584070E-10
 Outputting dust5                     58 -1.0085611E-08 -1.0063494E-10
 Outputting dust5                     59 -1.9555715E-09 -1.4057229E-11
 Outputting dust5                     60 -2.4838409E-10 -2.0068582E-12
 Outputting dust5                     61 -2.6136060E-11 -2.5467974E-13
 Outputting dust5                     62 -2.8100590E-12 -2.8877542E-14
 Outputting dust5                     63 -2.9019140E-13 -2.1210965E-15
 seas1           
 Outputting seas1                      1 -0.7061239      4.9187623E-02
 Outputting seas1                      2 -0.6692567      5.6989592E-02
 Outputting seas1                      3 -0.6444324      6.6594347E-02
 Outputting seas1                      4 -0.6267276      8.2956709E-02
 Outputting seas1                      5 -0.6126624      0.1379223    
 Outputting seas1                      6 -0.6050875      0.2626875    
 Outputting seas1                      7 -0.5945159      0.3774443    
 Outputting seas1                      8 -0.5881981      0.2693044    
 Outputting seas1                      9 -0.5796037      0.1503235    
 Outputting seas1                     10 -0.5705021      0.2066715    
 Outputting seas1                     11 -0.5760814      0.2141694    
 Outputting seas1                     12 -0.5739113      0.2363983    
 Outputting seas1                     13 -0.5836535      0.2541412    
 Outputting seas1                     14 -0.5364894      0.1944807    
 Outputting seas1                     15 -0.5090244      0.1898549    
 Outputting seas1                     16 -0.4783473      0.2220325    
 Outputting seas1                     17 -0.4515224      0.2955107    
 Outputting seas1                     18 -0.4410993      0.3131141    
 Outputting seas1                     19 -0.4499485      0.2847896    
 Outputting seas1                     20 -0.4047399      0.2728202    
 Outputting seas1                     21 -0.3912528      0.2473217    
 Outputting seas1                     22 -0.3725685      0.2665253    
 Outputting seas1                     23 -0.3740660      0.2451749    
 Outputting seas1                     24 -0.3936984      0.2302012    
 Outputting seas1                     25 -0.4309125      0.2166564    
 Outputting seas1                     26 -0.3937178      0.2355797    
 Outputting seas1                     27 -0.3689056      0.2810231    
 Outputting seas1                     28 -0.3602839      0.1937681    
 Outputting seas1                     29 -0.3562953      0.3071414    
 Outputting seas1                     30 -0.3415381      0.2778364    
 Outputting seas1                     31 -0.3434457      0.1904455    
 Outputting seas1                     32 -0.3554564      0.1921633    
 Outputting seas1                     33 -0.3655836      0.1247898    
 Outputting seas1                     34 -0.3709426      0.1397675    
 Outputting seas1                     35 -0.3637438      0.1054419    
 Outputting seas1                     36 -0.3650457      0.1610342    
 Outputting seas1                     37 -0.3631436      0.2427016    
 Outputting seas1                     38 -0.3456242      0.1864933    
 Outputting seas1                     39 -0.3466566      4.5418195E-02
 Outputting seas1                     40 -0.3341275     -1.3640071E-05
 Outputting seas1                     41 -0.2777617     -1.0733309E-05
 Outputting seas1                     42 -0.1512248     -3.6769286E-06
 Outputting seas1                     43 -2.6753822E-02 -1.1793137E-05
 Outputting seas1                     44 -1.6264250E-03 -2.3821045E-05
 Outputting seas1                     45 -2.8495037E-04 -2.1968401E-05
 Outputting seas1                     46 -6.2612395E-05 -1.8278681E-05
 Outputting seas1                     47 -5.8112746E-05 -3.3870278E-05
 Outputting seas1                     48 -5.2648447E-05 -3.8960472E-05
 Outputting seas1                     49 -5.0893173E-05 -4.6131005E-05
 Outputting seas1                     50 -5.0768413E-05 -4.7007739E-05
 Outputting seas1                     51 -5.1104947E-05 -4.7151516E-05
 Outputting seas1                     52 -5.0376864E-05 -4.8187248E-05
 Outputting seas1                     53 -5.0163329E-05 -4.7946582E-05
 Outputting seas1                     54 -5.0145500E-05 -4.9030397E-05
 Outputting seas1                     55 -5.0112860E-05 -4.9607283E-05
 Outputting seas1                     56 -4.9985018E-05 -4.9664435E-05
 Outputting seas1                     57 -4.9929266E-05 -4.9593815E-05
 Outputting seas1                     58 -4.9922783E-05 -4.9476217E-05
 Outputting seas1                     59 -4.9855411E-05 -4.9043894E-05
 Outputting seas1                     60 -4.9771395E-05 -4.7441026E-05
 Outputting seas1                     61 -4.9063219E-05 -4.2459033E-05
 Outputting seas1                     62 -4.5844696E-05 -3.3391902E-05
 Outputting seas1                     63 -2.9005392E-05 -1.1813277E-05
 seas2           
 Outputting seas2                      1  -7.636213       1.886342    
 Outputting seas2                      2  -7.331065       2.314408    
 Outputting seas2                      3  -7.122477       2.873034    
 Outputting seas2                      4  -6.952695       3.681479    
 Outputting seas2                      5  -6.767390       5.267670    
 Outputting seas2                      6  -6.662554       8.678917    
 Outputting seas2                      7  -6.514850       11.77195    
 Outputting seas2                      8  -6.457485       8.672379    
 Outputting seas2                      9  -6.553777       5.719560    
 Outputting seas2                     10  -6.609938       7.452507    
 Outputting seas2                     11  -6.535445       7.470473    
 Outputting seas2                     12  -6.301451       8.450505    
 Outputting seas2                     13  -6.276436       8.646729    
 Outputting seas2                     14  -5.741613       6.237316    
 Outputting seas2                     15  -5.332418       6.673184    
 Outputting seas2                     16  -5.033875       7.476965    
 Outputting seas2                     17  -4.835737       9.630826    
 Outputting seas2                     18  -5.046910       11.88488    
 Outputting seas2                     19  -4.747775       12.70498    
 Outputting seas2                     20  -4.291539       11.94278    
 Outputting seas2                     21  -4.283858       9.783377    
 Outputting seas2                     22  -4.005511       9.248041    
 Outputting seas2                     23  -4.057991       12.74832    
 Outputting seas2                     24  -4.280004       9.960220    
 Outputting seas2                     25  -4.582497       10.76469    
 Outputting seas2                     26  -4.190936       11.96236    
 Outputting seas2                     27  -3.918343       18.38493    
 Outputting seas2                     28  -3.833811       19.08984    
 Outputting seas2                     29  -3.786461       17.58317    
 Outputting seas2                     30  -3.628132       13.08024    
 Outputting seas2                     31  -3.663696       6.660202    
 Outputting seas2                     32  -3.819852       3.678374    
 Outputting seas2                     33  -3.932396       3.299570    
 Outputting seas2                     34  -3.986278       6.238206    
 Outputting seas2                     35  -3.896236       3.953985    
 Outputting seas2                     36  -3.906317       4.937801    
 Outputting seas2                     37  -3.860983       8.767690    
 Outputting seas2                     38  -3.654522       6.470100    
 Outputting seas2                     39  -3.655523       5.674113    
 Outputting seas2                     40  -3.509974       1.663068    
 Outputting seas2                     41  -2.726034     -7.7418290E-06
 Outputting seas2                     42 -0.9909698     -9.4121588E-06
 Outputting seas2                     43 -0.1781987     -1.7975028E-05
 Outputting seas2                     44 -8.6644311E-03 -1.8384921E-05
 Outputting seas2                     45 -1.8973959E-03 -1.6265052E-05
 Outputting seas2                     46 -1.7094730E-04 -1.2574272E-05
 Outputting seas2                     47 -6.3169929E-05 -1.0580869E-05
 Outputting seas2                     48 -5.9244267E-05 -1.2081351E-05
 Outputting seas2                     49 -5.5834738E-05 -2.9285900E-05
 Outputting seas2                     50 -5.3740143E-05 -3.2782416E-05
 Outputting seas2                     51 -5.4270440E-05 -3.3389664E-05
 Outputting seas2                     52 -5.0480059E-05 -4.0393497E-05
 Outputting seas2                     53 -4.9562448E-05 -3.8857019E-05
 Outputting seas2                     54 -4.9367463E-05 -4.4363151E-05
 Outputting seas2                     55 -4.9315349E-05 -4.7978370E-05
 Outputting seas2                     56 -4.9138773E-05 -4.7923197E-05
 Outputting seas2                     57 -4.9136263E-05 -4.7271344E-05
 Outputting seas2                     58 -4.8961068E-05 -4.4811834E-05
 Outputting seas2                     59 -4.7892423E-05 -3.9476312E-05
 Outputting seas2                     60 -4.4987246E-05 -2.9566612E-05
 Outputting seas2                     61 -3.8702772E-05 -1.6721262E-05
 Outputting seas2                     62 -2.2675998E-05 -6.4910114E-06
 Outputting seas2                     63 -7.2517691E-06 -1.1182556E-06
 seas3           
 Outputting seas3                      1  -60.03623       25.09987    
 Outputting seas3                      2  -60.17618       29.19773    
 Outputting seas3                      3  -52.76574       27.72214    
 Outputting seas3                      4  -42.32031       23.45271    
 Outputting seas3                      5  -38.72758       21.24936    
 Outputting seas3                      6  -38.40804       35.75645    
 Outputting seas3                      7  -38.29290       48.72762    
 Outputting seas3                      8  -36.28218       31.17393    
 Outputting seas3                      9  -33.54142       37.14600    
 Outputting seas3                     10  -31.54893       46.71053    
 Outputting seas3                     11  -29.94313       41.36868    
 Outputting seas3                     12  -28.27014       49.12008    
 Outputting seas3                     13  -29.06065       42.54066    
 Outputting seas3                     14  -24.65548       28.62587    
 Outputting seas3                     15  -22.98299       22.52383    
 Outputting seas3                     16  -22.09611       22.76358    
 Outputting seas3                     17  -20.43665       29.27019    
 Outputting seas3                     18  -19.87274       35.40201    
 Outputting seas3                     19  -18.74794       33.87335    
 Outputting seas3                     20  -18.20494       25.16308    
 Outputting seas3                     21  -17.68445       16.76157    
 Outputting seas3                     22  -18.57959       14.86499    
 Outputting seas3                     23  -20.41690       13.54578    
 Outputting seas3                     24  -21.48312       14.31412    
 Outputting seas3                     25  -19.38107       13.90261    
 Outputting seas3                     26  -17.70962       11.00392    
 Outputting seas3                     27  -16.22095       22.47855    
 Outputting seas3                     28  -16.05968       16.29865    
 Outputting seas3                     29  -15.56657       14.17367    
 Outputting seas3                     30  -14.98771       9.249421    
 Outputting seas3                     31  -15.93158       9.360048    
 Outputting seas3                     32  -17.84894       10.01587    
 Outputting seas3                     33  -18.14473       17.69466    
 Outputting seas3                     34  -18.41633       38.75547    
 Outputting seas3                     35  -17.22979       15.05525    
 Outputting seas3                     36  -16.94636       12.01316    
 Outputting seas3                     37  -15.70080       14.82302    
 Outputting seas3                     38  -14.71570       6.108089    
 Outputting seas3                     39  -13.99151      4.6805115E-04
 Outputting seas3                     40  -11.66282     -5.5075373E-07
 Outputting seas3                     41  -5.043525     -4.8856231E-07
 Outputting seas3                     42 -0.4705866     -4.1222796E-07
 Outputting seas3                     43 -4.2075079E-02 -4.3940236E-07
 Outputting seas3                     44 -7.1461685E-03 -5.7962501E-07
 Outputting seas3                     45 -5.3813902E-04 -9.5815960E-07
 Outputting seas3                     46 -7.5821743E-05 -1.3418247E-06
 Outputting seas3                     47 -4.7543715E-05 -1.8239283E-06
 Outputting seas3                     48 -5.0641022E-05 -4.0575055E-06
 Outputting seas3                     49 -6.7223300E-05 -3.7096852E-06
 Outputting seas3                     50 -5.2914624E-05 -7.7525738E-06
 Outputting seas3                     51 -4.4180510E-05 -1.3055955E-05
 Outputting seas3                     52 -4.1867741E-05 -1.3836024E-05
 Outputting seas3                     53 -4.1078856E-05 -1.6574193E-05
 Outputting seas3                     54 -4.0678329E-05 -2.6355057E-05
 Outputting seas3                     55 -3.9640217E-05 -2.7083310E-05
 Outputting seas3                     56 -3.7000689E-05 -2.1536485E-05
 Outputting seas3                     57 -3.2654483E-05 -1.3788047E-05
 Outputting seas3                     58 -2.5283251E-05 -7.5593789E-06
 Outputting seas3                     59 -1.6268279E-05 -3.2516380E-06
 Outputting seas3                     60 -8.0176760E-06 -1.0019193E-06
 Outputting seas3                     61 -3.0175052E-06 -1.7765333E-07
 Outputting seas3                     62 -6.2276717E-07 -4.8225033E-08
 Outputting seas3                     63 -8.3004579E-08 -1.7246572E-08
 seas4           
 Outputting seas4                      1  -73.45364       59.99245    
 Outputting seas4                      2  -77.05113       60.14264    
 Outputting seas4                      3  -79.79561       52.74615    
 Outputting seas4                      4  -81.32964       42.29745    
 Outputting seas4                      5  -81.05045       36.91526    
 Outputting seas4                      6  -79.86964       38.08823    
 Outputting seas4                      7  -95.81166       50.68624    
 Outputting seas4                      8  -75.24127       33.10686    
 Outputting seas4                      9  -47.77468       37.26324    
 Outputting seas4                     10  -38.60825       46.81997    
 Outputting seas4                     11  -33.70348       41.45911    
 Outputting seas4                     12  -28.54228       49.38582    
 Outputting seas4                     13  -24.37468       42.72580    
 Outputting seas4                     14  -20.61910       28.62709    
 Outputting seas4                     15  -16.09712       22.68954    
 Outputting seas4                     16  -13.58720       22.90833    
 Outputting seas4                     17  -11.77753       29.27214    
 Outputting seas4                     18  -11.38058       35.40480    
 Outputting seas4                     19  -9.190379       33.87691    
 Outputting seas4                     20  -10.98430       25.16763    
 Outputting seas4                     21  -13.01283       16.76864    
 Outputting seas4                     22  -20.15851       14.88462    
 Outputting seas4                     23  -25.73397       13.55368    
 Outputting seas4                     24  -18.46875       14.31881    
 Outputting seas4                     25  -8.917904       13.90569    
 Outputting seas4                     26  -8.801520       11.00617    
 Outputting seas4                     27  -9.940157       22.49947    
 Outputting seas4                     28  -9.852962       16.31141    
 Outputting seas4                     29  -6.590446       14.18599    
 Outputting seas4                     30  -7.984263       9.257584    
 Outputting seas4                     31  -11.29189       9.546706    
 Outputting seas4                     32  -15.22888       11.21468    
 Outputting seas4                     33  -13.82102       17.77999    
 Outputting seas4                     34  -8.107483       38.76079    
 Outputting seas4                     35  -5.417847       15.13587    
 Outputting seas4                     36  -3.824591       12.01892    
 Outputting seas4                     37  -1.544655       14.82305    
 Outputting seas4                     38 -2.3387369E-05   10.03320    
 Outputting seas4                     39 -3.0823841E-05   10.17602    
 Outputting seas4                     40 -1.3160305E-05   9.570335    
 Outputting seas4                     41 -2.4506800E-05   4.941212    
 Outputting seas4                     42 -1.8902145E-05  0.4687286    
 Outputting seas4                     43 -1.1113450E-05  4.2048741E-02
 Outputting seas4                     44 -5.6339504E-06  7.1215457E-03
 Outputting seas4                     45 -5.9860072E-06  5.1380339E-04
 Outputting seas4                     46 -1.7037855E-06  5.1733594E-05
 Outputting seas4                     47 -3.9989754E-07  3.7964986E-05
 Outputting seas4                     48  2.7445085E-06  3.7018301E-05
 Outputting seas4                     49  3.3644726E-06  5.0385719E-05
 Outputting seas4                     50  6.5616241E-06  4.4813725E-05
 Outputting seas4                     51  1.2302847E-05  3.6515044E-05
 Outputting seas4                     52  1.3450068E-05  3.6045451E-05
 Outputting seas4                     53  1.5788253E-05  3.5185458E-05
 Outputting seas4                     54  2.5598232E-05  3.5306057E-05
 Outputting seas4                     55  2.6764446E-05  3.5050864E-05
 Outputting seas4                     56  2.1391348E-05  3.4409881E-05
 Outputting seas4                     57  1.3745991E-05  3.1418811E-05
 Outputting seas4                     58  7.5480116E-06  2.4862256E-05
 Outputting seas4                     59  3.2497849E-06  1.6154112E-05
 Outputting seas4                     60  1.0012003E-06  7.9981273E-06
 Outputting seas4                     61  1.7759960E-07  3.0144640E-06
 Outputting seas4                     62  4.8207355E-08  6.2256134E-07
 Outputting seas4                     63  1.7245181E-08  8.2989978E-08
